<?xml version="1.0" encoding="UTF-8"?>
<!-- Generated by org.testng.reporters.JUnitReportReporter -->
<testsuite hostname="LAPTOP-EB1G3607" failures="0" tests="5" name="Runner.TestNGRunner" time="4.305" errors="0" timestamp="2025-06-11T03:06:27 IST" skipped="0">
  <testcase classname="Runner.TestNGRunner" name="runScenario" time="0.224"/>
  <testcase classname="Runner.TestNGRunner" name="runScenario" time="0.098"/>
  <testcase classname="Runner.TestNGRunner" name="runScenario" time="0.136"/>
  <testcase classname="Runner.TestNGRunner" name="runScenario" time="0.186"/>
  <testcase classname="Runner.TestNGRunner" name="runScenario" time="3.661"/>
</testsuite> <!-- Runner.TestNGRunner -->
